# JRE version: Java(TM) SE Runtime Environment (8.0_144-b01) (build 1.8.0_144-b01)
# Java VM: Java HotSpot(TM) 64-Bit Server VM (25.144-b01 mixed mode windows-amd64 compressed oops)
Heap:
 PSYoungGen      total 289792K, used 85004K [0x00000000d7800000, 0x00000000ef000000, 0x0000000100000000)
  eden space 271360K, 31% used [0x00000000d7800000,0x00000000dcb03018,0x00000000e8100000)
  from space 18432K, 0% used [0x00000000e8100000,0x00000000e8100000,0x00000000e9300000)
  to   space 18944K, 0% used [0x00000000edd80000,0x00000000edd80000,0x00000000ef000000)
 ParOldGen       total 111104K, used 36152K [0x0000000086800000, 0x000000008d480000, 0x00000000d7800000)
  object space 111104K, 32% used [0x0000000086800000,0x0000000088b4e088,0x000000008d480000)
 Metaspace       used 62824K, capacity 65594K, committed 65792K, reserved 1105920K
  class space    used 7904K, capacity 8404K, committed 8448K, reserved 1048576K
GC Heap History (10 events):
Event: 17.112 GC heap before
{Heap before GC invocations=10 (full 2):
 PSYoungGen      total 217088K, used 11263K [0x00000000d7800000, 0x00000000e6400000, 0x0000000100000000)
  eden space 205824K, 0% used [0x00000000d7800000,0x00000000d7800000,0x00000000e4100000)
  from space 11264K, 99% used [0x00000000e4d00000,0x00000000e57ffe88,0x00000000e5800000)
  to   space 12288K, 0% used [0x00000000e4100000,0x00000000e4100000,0x00000000e4d00000)
 ParOldGen       total 46592K, used 10149K [0x0000000086800000, 0x0000000089580000, 0x00000000d7800000)
  object space 46592K, 21% used [0x0000000086800000,0x00000000871e9570,0x0000000089580000)
 Metaspace       used 33695K, capacity 35442K, committed 35496K, reserved 1079296K
  class space    used 4466K, capacity 4843K, committed 4864K, reserved 1048576K
Event: 17.311 GC heap after
Heap after GC invocations=10 (full 2):
 PSYoungGen      total 217088K, used 0K [0x00000000d7800000, 0x00000000e6400000, 0x0000000100000000)
  eden space 205824K, 0% used [0x00000000d7800000,0x00000000d7800000,0x00000000e4100000)
  from space 11264K, 0% used [0x00000000e4d00000,0x00000000e4d00000,0x00000000e5800000)
  to   space 12288K, 0% used [0x00000000e4100000,0x00000000e4100000,0x00000000e4d00000)
 ParOldGen       total 69632K, used 16782K [0x0000000086800000, 0x000000008ac00000, 0x00000000d7800000)
  object space 69632K, 24% used [0x0000000086800000,0x00000000878638f0,0x000000008ac00000)
 Metaspace       used 33695K, capacity 35442K, committed 35496K, reserved 1079296K
  class space    used 4466K, capacity 4843K, committed 4864K, reserved 1048576K
}
Event: 20.123 GC heap before
{Heap before GC invocations=11 (full 2):
 PSYoungGen      total 217088K, used 205824K [0x00000000d7800000, 0x00000000e6400000, 0x0000000100000000)
  eden space 205824K, 100% used [0x00000000d7800000,0x00000000e4100000,0x00000000e4100000)
  from space 11264K, 0% used [0x00000000e4d00000,0x00000000e4d00000,0x00000000e5800000)
  to   space 12288K, 0% used [0x00000000e4100000,0x00000000e4100000,0x00000000e4d00000)
 ParOldGen       total 69632K, used 16782K [0x0000000086800000, 0x000000008ac00000, 0x00000000d7800000)
  object space 69632K, 24% used [0x0000000086800000,0x00000000878638f0,0x000000008ac00000)
 Metaspace       used 42087K, capacity 44270K, committed 44416K, reserved 1087488K
  class space    used 5530K, capacity 5925K, committed 6016K, reserved 1048576K
Event: 20.156 GC heap after
Heap after GC invocations=11 (full 2):
 PSYoungGen      total 218112K, used 10775K [0x00000000d7800000, 0x00000000ea200000, 0x0000000100000000)
  eden space 205824K, 0% used [0x00000000d7800000,0x00000000d7800000,0x00000000e4100000)
  from space 12288K, 87% used [0x00000000e4100000,0x00000000e4b85d60,0x00000000e4d00000)
  to   space 13312K, 0% used [0x00000000e9500000,0x00000000e9500000,0x00000000ea200000)
 ParOldGen       total 69632K, used 16854K [0x0000000086800000, 0x000000008ac00000, 0x00000000d7800000)
  object space 69632K, 24% used [0x0000000086800000,0x0000000087875900,0x000000008ac00000)
 Metaspace       used 42087K, capacity 44270K, committed 44416K, reserved 1087488K
  class space    used 5530K, capacity 5925K, committed 6016K, reserved 1048576K
}
Event: 27.004 GC heap before
{Heap before GC invocations=12 (full 2):
 PSYoungGen      total 218112K, used 216599K [0x00000000d7800000, 0x00000000ea200000, 0x0000000100000000)
  eden space 205824K, 100% used [0x00000000d7800000,0x00000000e4100000,0x00000000e4100000)
  from space 12288K, 87% used [0x00000000e4100000,0x00000000e4b85d60,0x00000000e4d00000)
  to   space 13312K, 0% used [0x00000000e9500000,0x00000000e9500000,0x00000000ea200000)
 ParOldGen       total 69632K, used 16854K [0x0000000086800000, 0x000000008ac00000, 0x00000000d7800000)
  object space 69632K, 24% used [0x0000000086800000,0x0000000087875900,0x000000008ac00000)
 Metaspace       used 54714K, capacity 57372K, committed 57600K, reserved 1099776K
  class space    used 7123K, capacity 7629K, committed 7680K, reserved 1048576K
Event: 27.045 GC heap after
Heap after GC invocations=12 (full 2):
 PSYoungGen      total 284672K, used 13296K [0x00000000d7800000, 0x00000000ea500000, 0x0000000100000000)
  eden space 271360K, 0% used [0x00000000d7800000,0x00000000d7800000,0x00000000e8100000)
  from space 13312K, 99% used [0x00000000e9500000,0x00000000ea1fc190,0x00000000ea200000)
  to   space 18432K, 0% used [0x00000000e8100000,0x00000000e8100000,0x00000000e9300000)
 ParOldGen       total 69632K, used 27507K [0x0000000086800000, 0x000000008ac00000, 0x00000000d7800000)
  object space 69632K, 39% used [0x0000000086800000,0x00000000882dccf8,0x000000008ac00000)
 Metaspace       used 54714K, capacity 57372K, committed 57600K, reserved 1099776K
  class space    used 7123K, capacity 7629K, committed 7680K, reserved 1048576K
}
Event: 34.544 GC heap before
{Heap before GC invocations=13 (full 2):
 PSYoungGen      total 284672K, used 51416K [0x00000000d7800000, 0x00000000ea500000, 0x0000000100000000)
  eden space 271360K, 14% used [0x00000000d7800000,0x00000000d9d3a190,0x00000000e8100000)
  from space 13312K, 99% used [0x00000000e9500000,0x00000000ea1fc190,0x00000000ea200000)
  to   space 18432K, 0% used [0x00000000e8100000,0x00000000e8100000,0x00000000e9300000)
 ParOldGen       total 69632K, used 27507K [0x0000000086800000, 0x000000008ac00000, 0x00000000d7800000)
  object space 69632K, 39% used [0x0000000086800000,0x00000000882dccf8,0x000000008ac00000)
 Metaspace       used 56379K, capacity 59042K, committed 59160K, reserved 1101824K
  class space    used 7301K, capacity 7798K, committed 7808K, reserved 1048576K
Event: 34.567 GC heap after
Heap after GC invocations=13 (full 2):
 PSYoungGen      total 289792K, used 2376K [0x00000000d7800000, 0x00000000ef000000, 0x0000000100000000)
  eden space 271360K, 0% used [0x00000000d7800000,0x00000000d7800000,0x00000000e8100000)
  from space 18432K, 12% used [0x00000000e8100000,0x00000000e83520f0,0x00000000e9300000)
  to   space 18944K, 0% used [0x00000000edd80000,0x00000000edd80000,0x00000000ef000000)
 ParOldGen       total 69632K, used 40378K [0x0000000086800000, 0x000000008ac00000, 0x00000000d7800000)
  object space 69632K, 57% used [0x0000000086800000,0x0000000088f6ea68,0x000000008ac00000)
 Metaspace       used 56379K, capacity 59042K, committed 59160K, reserved 1101824K
  class space    used 7301K, capacity 7798K, committed 7808K, reserved 1048576K
}
Event: 34.567 GC heap before
{Heap before GC invocations=14 (full 3):
 PSYoungGen      total 289792K, used 2376K [0x00000000d7800000, 0x00000000ef000000, 0x0000000100000000)
  eden space 271360K, 0% used [0x00000000d7800000,0x00000000d7800000,0x00000000e8100000)
  from space 18432K, 12% used [0x00000000e8100000,0x00000000e83520f0,0x00000000e9300000)
  to   space 18944K, 0% used [0x00000000edd80000,0x00000000edd80000,0x00000000ef000000)
 ParOldGen       total 69632K, used 40378K [0x0000000086800000, 0x000000008ac00000, 0x00000000d7800000)
  object space 69632K, 57% used [0x0000000086800000,0x0000000088f6ea68,0x000000008ac00000)
 Metaspace       used 56379K, capacity 59042K, committed 59160K, reserved 1101824K
  class space    used 7301K, capacity 7798K, committed 7808K, reserved 1048576K
Event: 34.890 GC heap after
Heap after GC invocations=14 (full 3):
 PSYoungGen      total 289792K, used 0K [0x00000000d7800000, 0x00000000ef000000, 0x0000000100000000)
  eden space 271360K, 0% used [0x00000000d7800000,0x00000000d7800000,0x00000000e8100000)
  from space 18432K, 0% used [0x00000000e8100000,0x00000000e8100000,0x00000000e9300000)
  to   space 18944K, 0% used [0x00000000edd80000,0x00000000edd80000,0x00000000ef000000)
 ParOldGen       total 111104K, used 36152K [0x0000000086800000, 0x000000008d480000, 0x00000000d7800000)
  object space 111104K, 32% used [0x0000000086800000,0x0000000088b4e088,0x000000008d480000)
 Metaspace       used 56368K, capacity 59018K, committed 59160K, reserved 1101824K
  class space    used 7299K, capacity 7794K, committed 7808K, reserved 1048576K
}

